<?xml version="1.0" encoding="UTF-8"?>
<testsuites>
  <testsuite name="" tests="50" assertions="146" errors="0" warnings="0" failures="0" skipped="0" time="0.015072">
    <testsuite name="sharkpay Test Suite" tests="50" assertions="146" errors="0" warnings="0" failures="0" skipped="0" time="0.015072">
      <testsuite name="domipoppe\sharkpay\Tests\OrderTest" file="P:\Projekte\Software Dev\PHP\Composer\sharkpay\tests\OrderTest.php" tests="8" assertions="50" errors="0" warnings="0" failures="0" skipped="0" time="0.008797">
        <testcase name="testCartNoDiscountsMixedTax" class="domipoppe\sharkpay\Tests\OrderTest" classname="domipoppe.sharkpay.Tests.OrderTest" file="P:\Projekte\Software Dev\PHP\Composer\sharkpay\tests\OrderTest.php" line="109" assertions="9" time="0.005721"/>
        <testcase name="testCartDiscountAmountSameTax" class="domipoppe\sharkpay\Tests\OrderTest" classname="domipoppe.sharkpay.Tests.OrderTest" file="P:\Projekte\Software Dev\PHP\Composer\sharkpay\tests\OrderTest.php" line="144" assertions="7" time="0.000433"/>
        <testcase name="testCartDiscountAmountMixedTax" class="domipoppe\sharkpay\Tests\OrderTest" classname="domipoppe.sharkpay.Tests.OrderTest" file="P:\Projekte\Software Dev\PHP\Composer\sharkpay\tests\OrderTest.php" line="180" assertions="7" time="0.000422"/>
        <testcase name="testCartDiscountAmountAndPercentageMixedTax" class="domipoppe\sharkpay\Tests\OrderTest" classname="domipoppe.sharkpay.Tests.OrderTest" file="P:\Projekte\Software Dev\PHP\Composer\sharkpay\tests\OrderTest.php" line="216" assertions="11" time="0.000483"/>
        <testcase name="testCartDiscountAmountAndPercentageSameTax" class="domipoppe\sharkpay\Tests\OrderTest" classname="domipoppe.sharkpay.Tests.OrderTest" file="P:\Projekte\Software Dev\PHP\Composer\sharkpay\tests\OrderTest.php" line="266" assertions="7" time="0.000434"/>
        <testcase name="testCartNoDiscountsSameTax" class="domipoppe\sharkpay\Tests\OrderTest" classname="domipoppe.sharkpay.Tests.OrderTest" file="P:\Projekte\Software Dev\PHP\Composer\sharkpay\tests\OrderTest.php" line="76" assertions="7" time="0.000279"/>
        <testcase name="testOrderMixedCurrenciesException" class="domipoppe\sharkpay\Tests\OrderTest" classname="domipoppe.sharkpay.Tests.OrderTest" file="P:\Projekte\Software Dev\PHP\Composer\sharkpay\tests\OrderTest.php" line="28" assertions="1" time="0.000721"/>
        <testcase name="testOrderTaxKeyMixedRatesException" class="domipoppe\sharkpay\Tests\OrderTest" classname="domipoppe.sharkpay.Tests.OrderTest" file="P:\Projekte\Software Dev\PHP\Composer\sharkpay\tests\OrderTest.php" line="53" assertions="1" time="0.000305"/>
      </testsuite>
      <testsuite name="domipoppe\sharkpay\Tests\GEO\AddressTest" file="P:\Projekte\Software Dev\PHP\Composer\sharkpay\tests\GEO\AddressTest.php" tests="1" assertions="2" errors="0" warnings="0" failures="0" skipped="0" time="0.000687">
        <testcase name="testAddress" class="domipoppe\sharkpay\Tests\GEO\AddressTest" classname="domipoppe.sharkpay.Tests.GEO.AddressTest" file="P:\Projekte\Software Dev\PHP\Composer\sharkpay\tests\GEO\AddressTest.php" line="23" assertions="2" time="0.000687"/>
      </testsuite>
      <testsuite name="domipoppe\sharkpay\Tests\Invoice\PayableAtTest" file="P:\Projekte\Software Dev\PHP\Composer\sharkpay\tests\Invoice\PayableAtTest.php" tests="6" assertions="8" errors="0" warnings="0" failures="0" skipped="0" time="0.001243">
        <testcase name="testGetPayableAtByDateTime" class="domipoppe\sharkpay\Tests\Invoice\PayableAtTest" classname="domipoppe.sharkpay.Tests.Invoice.PayableAtTest" file="P:\Projekte\Software Dev\PHP\Composer\sharkpay\tests\Invoice\PayableAtTest.php" line="20" assertions="1" time="0.000429"/>
        <testcase name="testGetPayableAtInDays" class="domipoppe\sharkpay\Tests\Invoice\PayableAtTest" classname="domipoppe.sharkpay.Tests.Invoice.PayableAtTest" file="P:\Projekte\Software Dev\PHP\Composer\sharkpay\tests\Invoice\PayableAtTest.php" line="40" assertions="1" time="0.000195"/>
        <testcase name="testGetPayableAtNow" class="domipoppe\sharkpay\Tests\Invoice\PayableAtTest" classname="domipoppe.sharkpay.Tests.Invoice.PayableAtTest" file="P:\Projekte\Software Dev\PHP\Composer\sharkpay\tests\Invoice\PayableAtTest.php" line="30" assertions="1" time="0.000146"/>
        <testcase name="testGetGermanFormat" class="domipoppe\sharkpay\Tests\Invoice\PayableAtTest" classname="domipoppe.sharkpay.Tests.Invoice.PayableAtTest" file="P:\Projekte\Software Dev\PHP\Composer\sharkpay\tests\Invoice\PayableAtTest.php" line="51" assertions="1" time="0.000150"/>
        <testcase name="testGetInternationalFormat" class="domipoppe\sharkpay\Tests\Invoice\PayableAtTest" classname="domipoppe.sharkpay.Tests.Invoice.PayableAtTest" file="P:\Projekte\Software Dev\PHP\Composer\sharkpay\tests\Invoice\PayableAtTest.php" line="61" assertions="1" time="0.000144"/>
        <testcase name="testGetDayYearAndMonth" class="domipoppe\sharkpay\Tests\Invoice\PayableAtTest" classname="domipoppe.sharkpay.Tests.Invoice.PayableAtTest" file="P:\Projekte\Software Dev\PHP\Composer\sharkpay\tests\Invoice\PayableAtTest.php" line="73" assertions="3" time="0.000178"/>
      </testsuite>
      <testsuite name="domipoppe\sharkpay\Tests\CurrencyTest" file="P:\Projekte\Software Dev\PHP\Composer\sharkpay\tests\CurrencyTest.php" tests="16" assertions="16" errors="0" warnings="0" failures="0" skipped="0" time="0.001360">
        <testsuite name="domipoppe\sharkpay\Tests\CurrencyTest::testGetMainUnitString" tests="4" assertions="4" errors="0" warnings="0" failures="0" skipped="0" time="0.000373">
          <testcase name="testGetMainUnitString with data set &quot;#0 Data Set: 10 should return 10,00 €&quot;" class="domipoppe\sharkpay\Tests\CurrencyTest" classname="domipoppe.sharkpay.Tests.CurrencyTest" file="P:\Projekte\Software Dev\PHP\Composer\sharkpay\tests\CurrencyTest.php" line="25" assertions="1" time="0.000177"/>
          <testcase name="testGetMainUnitString with data set &quot;#1 Data Set: 1000 should return 1.000,00 €&quot;" class="domipoppe\sharkpay\Tests\CurrencyTest" classname="domipoppe.sharkpay.Tests.CurrencyTest" file="P:\Projekte\Software Dev\PHP\Composer\sharkpay\tests\CurrencyTest.php" line="25" assertions="1" time="0.000067"/>
          <testcase name="testGetMainUnitString with data set &quot;#2 Data Set: 0.50 should return 0,50 €&quot;" class="domipoppe\sharkpay\Tests\CurrencyTest" classname="domipoppe.sharkpay.Tests.CurrencyTest" file="P:\Projekte\Software Dev\PHP\Composer\sharkpay\tests\CurrencyTest.php" line="25" assertions="1" time="0.000064"/>
          <testcase name="testGetMainUnitString with data set &quot;#3 Data Set: 100.50 should return 100,50 €&quot;" class="domipoppe\sharkpay\Tests\CurrencyTest" classname="domipoppe.sharkpay.Tests.CurrencyTest" file="P:\Projekte\Software Dev\PHP\Composer\sharkpay\tests\CurrencyTest.php" line="25" assertions="1" time="0.000065"/>
        </testsuite>
        <testsuite name="domipoppe\sharkpay\Tests\CurrencyTest::testGetMainUnitStringNoSymbol" tests="4" assertions="4" errors="0" warnings="0" failures="0" skipped="0" time="0.000312">
          <testcase name="testGetMainUnitStringNoSymbol with data set &quot;#0 Data Set: 10 should return 10,00 Euro&quot;" class="domipoppe\sharkpay\Tests\CurrencyTest" classname="domipoppe.sharkpay.Tests.CurrencyTest" file="P:\Projekte\Software Dev\PHP\Composer\sharkpay\tests\CurrencyTest.php" line="39" assertions="1" time="0.000115"/>
          <testcase name="testGetMainUnitStringNoSymbol with data set &quot;#1 Data Set: 1000 should return 1.000,00 Euro&quot;" class="domipoppe\sharkpay\Tests\CurrencyTest" classname="domipoppe.sharkpay.Tests.CurrencyTest" file="P:\Projekte\Software Dev\PHP\Composer\sharkpay\tests\CurrencyTest.php" line="39" assertions="1" time="0.000069"/>
          <testcase name="testGetMainUnitStringNoSymbol with data set &quot;#2 Data Set: 0.50 should return 0,50 Euro&quot;" class="domipoppe\sharkpay\Tests\CurrencyTest" classname="domipoppe.sharkpay.Tests.CurrencyTest" file="P:\Projekte\Software Dev\PHP\Composer\sharkpay\tests\CurrencyTest.php" line="39" assertions="1" time="0.000064"/>
          <testcase name="testGetMainUnitStringNoSymbol with data set &quot;#3 Data Set: 100.50 should return 100,50 Euro&quot;" class="domipoppe\sharkpay\Tests\CurrencyTest" classname="domipoppe.sharkpay.Tests.CurrencyTest" file="P:\Projekte\Software Dev\PHP\Composer\sharkpay\tests\CurrencyTest.php" line="39" assertions="1" time="0.000064"/>
        </testsuite>
        <testsuite name="domipoppe\sharkpay\Tests\CurrencyTest::testGetInSubUnit" tests="2" assertions="2" errors="0" warnings="0" failures="0" skipped="0" time="0.000172">
          <testcase name="testGetInSubUnit with data set &quot;#0 Data Set: 10.00€ should return 1000 (ct)&quot;" class="domipoppe\sharkpay\Tests\CurrencyTest" classname="domipoppe.sharkpay.Tests.CurrencyTest" file="P:\Projekte\Software Dev\PHP\Composer\sharkpay\tests\CurrencyTest.php" line="53" assertions="1" time="0.000110"/>
          <testcase name="testGetInSubUnit with data set &quot;#1 Data Set: 5.50€ should return 550 (ct)&quot;" class="domipoppe\sharkpay\Tests\CurrencyTest" classname="domipoppe.sharkpay.Tests.CurrencyTest" file="P:\Projekte\Software Dev\PHP\Composer\sharkpay\tests\CurrencyTest.php" line="53" assertions="1" time="0.000062"/>
        </testsuite>
        <testsuite name="domipoppe\sharkpay\Tests\CurrencyTest::testGetSubUnitString" tests="3" assertions="3" errors="0" warnings="0" failures="0" skipped="0" time="0.000249">
          <testcase name="testGetSubUnitString with data set &quot;#0 Data Set: 5.10€ should return 510 ct&quot;" class="domipoppe\sharkpay\Tests\CurrencyTest" classname="domipoppe.sharkpay.Tests.CurrencyTest" file="P:\Projekte\Software Dev\PHP\Composer\sharkpay\tests\CurrencyTest.php" line="67" assertions="1" time="0.000114"/>
          <testcase name="testGetSubUnitString with data set &quot;#1 Data Set: 1000€ should return 100000 ct&quot;" class="domipoppe\sharkpay\Tests\CurrencyTest" classname="domipoppe.sharkpay.Tests.CurrencyTest" file="P:\Projekte\Software Dev\PHP\Composer\sharkpay\tests\CurrencyTest.php" line="67" assertions="1" time="0.000070"/>
          <testcase name="testGetSubUnitString with data set &quot;#2 Data Set: 0.50€ should return 50 ct&quot;" class="domipoppe\sharkpay\Tests\CurrencyTest" classname="domipoppe.sharkpay.Tests.CurrencyTest" file="P:\Projekte\Software Dev\PHP\Composer\sharkpay\tests\CurrencyTest.php" line="67" assertions="1" time="0.000065"/>
        </testsuite>
        <testsuite name="domipoppe\sharkpay\Tests\CurrencyTest::testGetSubUnitStringNoSymbol" tests="3" assertions="3" errors="0" warnings="0" failures="0" skipped="0" time="0.000254">
          <testcase name="testGetSubUnitStringNoSymbol with data set &quot;#0 Data Set: 5.10€ should return 510 Cent&quot;" class="domipoppe\sharkpay\Tests\CurrencyTest" classname="domipoppe.sharkpay.Tests.CurrencyTest" file="P:\Projekte\Software Dev\PHP\Composer\sharkpay\tests\CurrencyTest.php" line="81" assertions="1" time="0.000118"/>
          <testcase name="testGetSubUnitStringNoSymbol with data set &quot;#1 Data Set: 1000€ should return 100000 Cent&quot;" class="domipoppe\sharkpay\Tests\CurrencyTest" classname="domipoppe.sharkpay.Tests.CurrencyTest" file="P:\Projekte\Software Dev\PHP\Composer\sharkpay\tests\CurrencyTest.php" line="81" assertions="1" time="0.000066"/>
          <testcase name="testGetSubUnitStringNoSymbol with data set &quot;#2 Data Set: 0.50€ should return 50 Cent&quot;" class="domipoppe\sharkpay\Tests\CurrencyTest" classname="domipoppe.sharkpay.Tests.CurrencyTest" file="P:\Projekte\Software Dev\PHP\Composer\sharkpay\tests\CurrencyTest.php" line="81" assertions="1" time="0.000070"/>
        </testsuite>
      </testsuite>
      <testsuite name="domipoppe\sharkpay\Tests\DiscountTest" file="P:\Projekte\Software Dev\PHP\Composer\sharkpay\tests\DiscountTest.php" tests="4" assertions="4" errors="0" warnings="0" failures="0" skipped="0" time="0.000449">
        <testsuite name="domipoppe\sharkpay\Tests\DiscountTest::testGetDiscount" tests="4" assertions="4" errors="0" warnings="0" failures="0" skipped="0" time="0.000449">
          <testcase name="testGetDiscount with data set &quot;#0 Data Set: 10€ Netto, 10% Discount | Expect 1.00€ Discount Value&quot;" class="domipoppe\sharkpay\Tests\DiscountTest" classname="domipoppe.sharkpay.Tests.DiscountTest" file="P:\Projekte\Software Dev\PHP\Composer\sharkpay\tests\DiscountTest.php" line="28" assertions="1" time="0.000133"/>
          <testcase name="testGetDiscount with data set &quot;#1 Data Set: 4210€ Netto, 105% Discount | Expect 1.00€ Discount Value&quot;" class="domipoppe\sharkpay\Tests\DiscountTest" classname="domipoppe.sharkpay.Tests.DiscountTest" file="P:\Projekte\Software Dev\PHP\Composer\sharkpay\tests\DiscountTest.php" line="28" assertions="1" time="0.000063"/>
          <testcase name="testGetDiscount with data set &quot;#2 Data Set: 10€ Netto, 5€ Discount | Expect 5.00€ Discount Value&quot;" class="domipoppe\sharkpay\Tests\DiscountTest" classname="domipoppe.sharkpay.Tests.DiscountTest" file="P:\Projekte\Software Dev\PHP\Composer\sharkpay\tests\DiscountTest.php" line="28" assertions="1" time="0.000061"/>
          <testcase name="testGetDiscount with data set &quot;#3 Data Set: 10€ Netto, 5€ Discount | Invalid Discount Type | Expect exception&quot;" class="domipoppe\sharkpay\Tests\DiscountTest" classname="domipoppe.sharkpay.Tests.DiscountTest" file="P:\Projekte\Software Dev\PHP\Composer\sharkpay\tests\DiscountTest.php" line="28" assertions="1" time="0.000192"/>
        </testsuite>
      </testsuite>
      <testsuite name="domipoppe\sharkpay\Tests\Invoice\CreatedAtTest" file="P:\Projekte\Software Dev\PHP\Composer\sharkpay\tests\Invoice\CreatedAtTest.php" tests="7" assertions="9" errors="0" warnings="0" failures="0" skipped="0" time="0.000875">
        <testcase name="testGetCreatedAtByDateTime" class="domipoppe\sharkpay\Tests\Invoice\CreatedAtTest" classname="domipoppe.sharkpay.Tests.Invoice.CreatedAtTest" file="P:\Projekte\Software Dev\PHP\Composer\sharkpay\tests\Invoice\CreatedAtTest.php" line="20" assertions="1" time="0.000266"/>
        <testcase name="testGetCreatedAtInDays" class="domipoppe\sharkpay\Tests\Invoice\CreatedAtTest" classname="domipoppe.sharkpay.Tests.Invoice.CreatedAtTest" file="P:\Projekte\Software Dev\PHP\Composer\sharkpay\tests\Invoice\CreatedAtTest.php" line="30" assertions="1" time="0.000100"/>
        <testcase name="testGetCreatedAtNow" class="domipoppe\sharkpay\Tests\Invoice\CreatedAtTest" classname="domipoppe.sharkpay.Tests.Invoice.CreatedAtTest" file="P:\Projekte\Software Dev\PHP\Composer\sharkpay\tests\Invoice\CreatedAtTest.php" line="41" assertions="1" time="0.000095"/>
        <testcase name="testGetCreatedBeforeInDays" class="domipoppe\sharkpay\Tests\Invoice\CreatedAtTest" classname="domipoppe.sharkpay.Tests.Invoice.CreatedAtTest" file="P:\Projekte\Software Dev\PHP\Composer\sharkpay\tests\Invoice\CreatedAtTest.php" line="51" assertions="1" time="0.000108"/>
        <testcase name="testGetCreatedAtGermanFormat" class="domipoppe\sharkpay\Tests\Invoice\CreatedAtTest" classname="domipoppe.sharkpay.Tests.Invoice.CreatedAtTest" file="P:\Projekte\Software Dev\PHP\Composer\sharkpay\tests\Invoice\CreatedAtTest.php" line="62" assertions="1" time="0.000097"/>
        <testcase name="testGetCreatedAtInternationalFormat" class="domipoppe\sharkpay\Tests\Invoice\CreatedAtTest" classname="domipoppe.sharkpay.Tests.Invoice.CreatedAtTest" file="P:\Projekte\Software Dev\PHP\Composer\sharkpay\tests\Invoice\CreatedAtTest.php" line="72" assertions="1" time="0.000097"/>
        <testcase name="testGetCreatedAtDayYearAndMonth" class="domipoppe\sharkpay\Tests\Invoice\CreatedAtTest" classname="domipoppe.sharkpay.Tests.Invoice.CreatedAtTest" file="P:\Projekte\Software Dev\PHP\Composer\sharkpay\tests\Invoice\CreatedAtTest.php" line="84" assertions="3" time="0.000113"/>
      </testsuite>
      <testsuite name="domipoppe\sharkpay\Tests\Invoice\InvoiceTest" file="P:\Projekte\Software Dev\PHP\Composer\sharkpay\tests\Invoice\InvoiceTest.php" tests="1" assertions="14" errors="0" warnings="0" failures="0" skipped="0" time="0.000688">
        <testcase name="testGenerateInvoice" class="domipoppe\sharkpay\Tests\Invoice\InvoiceTest" classname="domipoppe.sharkpay.Tests.Invoice.InvoiceTest" file="P:\Projekte\Software Dev\PHP\Composer\sharkpay\tests\Invoice\InvoiceTest.php" line="35" assertions="14" time="0.000688"/>
      </testsuite>
      <testsuite name="domipoppe\sharkpay\Tests\PositionTest" file="P:\Projekte\Software Dev\PHP\Composer\sharkpay\tests\PositionTest.php" tests="2" assertions="14" errors="0" warnings="0" failures="0" skipped="0" time="0.000295">
        <testsuite name="domipoppe\sharkpay\Tests\PositionTest::testPosition" tests="2" assertions="14" errors="0" warnings="0" failures="0" skipped="0" time="0.000295">
          <testcase name="testPosition with data set &quot;#1 Data Set: 1312.51€ Netto, 4.5 Quantity&quot;" class="domipoppe\sharkpay\Tests\PositionTest" classname="domipoppe.sharkpay.Tests.PositionTest" file="P:\Projekte\Software Dev\PHP\Composer\sharkpay\tests\PositionTest.php" line="32" assertions="7" time="0.000184"/>
          <testcase name="testPosition with data set &quot;#0 Data Set: 10€ Netto, 2 Quantity&quot;" class="domipoppe\sharkpay\Tests\PositionTest" classname="domipoppe.sharkpay.Tests.PositionTest" file="P:\Projekte\Software Dev\PHP\Composer\sharkpay\tests\PositionTest.php" line="32" assertions="7" time="0.000111"/>
        </testsuite>
      </testsuite>
      <testsuite name="domipoppe\sharkpay\Tests\PriceTest" file="P:\Projekte\Software Dev\PHP\Composer\sharkpay\tests\PriceTest.php" tests="3" assertions="27" errors="0" warnings="0" failures="0" skipped="0" time="0.000509">
        <testsuite name="domipoppe\sharkpay\Tests\PriceTest::testPrices" tests="3" assertions="27" errors="0" warnings="0" failures="0" skipped="0" time="0.000509">
          <testcase name="testPrices with data set &quot;#2 Data Set: 2.10€ Netto - 2.50€ Brutto - 0.40€ Tax&quot;" class="domipoppe\sharkpay\Tests\PriceTest" classname="domipoppe.sharkpay.Tests.PriceTest" file="P:\Projekte\Software Dev\PHP\Composer\sharkpay\tests\PriceTest.php" line="35" assertions="9" time="0.000225"/>
          <testcase name="testPrices with data set &quot;#1 Data Set: 9.34€ Netto - 11.11€ Brutto - 1.77€ Tax&quot;" class="domipoppe\sharkpay\Tests\PriceTest" classname="domipoppe.sharkpay.Tests.PriceTest" file="P:\Projekte\Software Dev\PHP\Composer\sharkpay\tests\PriceTest.php" line="35" assertions="9" time="0.000140"/>
          <testcase name="testPrices with data set &quot;#0 Data Set: 10€ Netto - 11.90€ Brutto - 1.90€ Tax&quot;" class="domipoppe\sharkpay\Tests\PriceTest" classname="domipoppe.sharkpay.Tests.PriceTest" file="P:\Projekte\Software Dev\PHP\Composer\sharkpay\tests\PriceTest.php" line="35" assertions="9" time="0.000144"/>
        </testsuite>
      </testsuite>
      <testsuite name="domipoppe\sharkpay\Tests\TaxTest" file="P:\Projekte\Software Dev\PHP\Composer\sharkpay\tests\TaxTest.php" tests="2" assertions="2" errors="0" warnings="0" failures="0" skipped="0" time="0.000169">
        <testsuite name="domipoppe\sharkpay\Tests\TaxTest::testGetTaxFromAmount" tests="2" assertions="2" errors="0" warnings="0" failures="0" skipped="0" time="0.000169">
          <testcase name="testGetTaxFromAmount with data set &quot;#0 Data Set: When 2,00 € we expect 0,38 € tax (19%)&quot;" class="domipoppe\sharkpay\Tests\TaxTest" classname="domipoppe.sharkpay.Tests.TaxTest" file="P:\Projekte\Software Dev\PHP\Composer\sharkpay\tests\TaxTest.php" line="25" assertions="1" time="0.000109"/>
          <testcase name="testGetTaxFromAmount with data set &quot;#1 Data Set: When 0,15 € we expect 0,03 € tax (19%)&quot;" class="domipoppe\sharkpay\Tests\TaxTest" classname="domipoppe.sharkpay.Tests.TaxTest" file="P:\Projekte\Software Dev\PHP\Composer\sharkpay\tests\TaxTest.php" line="25" assertions="1" time="0.000060"/>
        </testsuite>
      </testsuite>
    </testsuite>
  </testsuite>
</testsuites>
